[INFO] 17:46:38:344 team/(8220:8220): finalizando programa...
[INFO] 18:23:46:251 team/(9674:9676): Entrenador de id: -1217460304 se movio a la posicion [3,8]
[INFO] 18:23:48:270 team/(9674:9676): Entrenador de id: -1217460304 se movio a la posicion [3,9]
[INFO] 18:23:48:270 team/(9674:9676): Entrenador de id: -1217460304 se movio a la posicion [3,9]
[INFO] 18:23:48:270 team/(9674:9676): Inicio operacion CATCH de un: pikachu, ubicado en: [3,9]
[INFO] 18:23:48:270 team/(9674:9676): U‰åSƒìè]Þÿÿª-
[INFO] 18:29:43:338 team/(9980:9986): Entrenador de id: 2 se movio a la posicion [3,8]
[INFO] 18:29:45:356 team/(9980:9986): Entrenador de id: 2 se movio a la posicion [3,9]
[INFO] 18:29:45:356 team/(9980:9986): Entrenador de id: 2 se movio a la posicion [3,9]
[INFO] 18:29:45:356 team/(9980:9986): Inicio operacion CATCH de un: pikachu, ubicado en: [3,9]
[INFO] 18:29:45:356 team/(9980:9986): Entrenador de id: 2 se movio a la posicion [3,9]
[INFO] 18:29:45:356 team/(9980:9986): Inicio operacion CATCH de un: pikachu, ubicado en: [3,9]
[INFO] 18:29:47:357 team/(9980:9987): Entrenador de id: 3 se movio a la posicion [6,5]
[INFO] 18:33:35:157 team/(10154:10161): Entrenador de id: 2 se movio a la posicion [3,8]
[INFO] 18:33:38:177 team/(10154:10161): Entrenador de id: 2 se movio a la posicion [3,9]
[INFO] 18:33:38:178 team/(10154:10161): Entrenador de id: 2 se movio a la posicion [3,9]
[INFO] 18:33:38:179 team/(10154:10161): Inicio operacion CATCH de un: pikachu, ubicado en: [3,9]
[INFO] 18:33:38:179 team/(10154:10161): Entrenador de id: 2 se movio a la posicion [3,9]
[INFO] 18:33:38:179 team/(10154:10161): Inicio operacion CATCH de un: pikachu, ubicado en: [3,9]
[INFO] 18:33:40:179 team/(10154:10162): Entrenador de id: 3 se movio a la posicion [6,5]
[INFO] 18:48:47:571 team/(10580:10586): Entrenador de id: 2 se movio a la posicion [3,8]
[INFO] 18:48:49:589 team/(10580:10586): Entrenador de id: 2 se movio a la posicion [3,9]
[INFO] 18:48:49:589 team/(10580:10586): Entrenador de id: 2 se movio a la posicion [3,9]
[INFO] 18:48:49:589 team/(10580:10586): Inicio operacion CATCH de un: pikachu, ubicado en: [3,9]
[INFO] 18:48:51:590 team/(10580:10587): Entrenador de id: 3 se movio a la posicion [6,5]
[INFO] 18:50:09:41 team/(10633:10639): Entrenador de id: 2 se movio a la posicion [3,8]
[INFO] 18:50:11:59 team/(10633:10639): Entrenador de id: 2 se movio a la posicion [3,9]
[INFO] 18:50:11:59 team/(10633:10639): Entrenador de id: 2 se movio a la posicion [3,9]
[INFO] 18:50:11:59 team/(10633:10639): Inicio operacion CATCH de un: pikachu, ubicado en: [3,9]
[INFO] 18:50:13:60 team/(10633:10640): Entrenador de id: 3 se movio a la posicion [6,5]
[INFO] 18:50:40:47 team/(10657:10663): Entrenador de id: 2 se movio a la posicion [3,8]
[INFO] 18:50:42:48 team/(10657:10663): Entrenador de id: 2 se movio a la posicion [3,9]
[INFO] 18:50:42:48 team/(10657:10663): Entrenador de id: 2 se movio a la posicion [3,9]
[INFO] 18:50:42:48 team/(10657:10663): Inicio operacion CATCH de un: pikachu, ubicado en: [3,9]
[INFO] 18:50:44:48 team/(10657:10664): Entrenador de id: 3 se movio a la posicion [6,5]
[INFO] 19:07:55:91 team/(11069:11075): Entrenador de id: 2 se movio a la posicion [3,8]
[INFO] 19:07:58:110 team/(11069:11075): Entrenador de id: 2 se movio a la posicion [3,9]
[INFO] 19:07:58:110 team/(11069:11075): Inicio operacion CATCH de un: pikachu, ubicado en: [3,9]
[INFO] 19:08:00:111 team/(11069:11076): Entrenador de id: 3 se movio a la posicion [6,5]
[INFO] 19:08:02:111 team/(11069:11076): Entrenador de id: 3 se movio a la posicion [7,5]
[INFO] 19:08:04:111 team/(11069:11076): Entrenador de id: 3 se movio a la posicion [8,5]
[INFO] 19:08:06:112 team/(11069:11076): Entrenador de id: 3 se movio a la posicion [9,5]
[INFO] 19:08:08:113 team/(11069:11076): Entrenador de id: 3 se movio a la posicion [10,5]
[INFO] 19:08:10:113 team/(11069:11076): Entrenador de id: 3 se movio a la posicion [10,6]
[INFO] 19:08:12:113 team/(11069:11076): Entrenador de id: 3 se movio a la posicion [10,7]
[INFO] 19:08:14:114 team/(11069:11076): Entrenador de id: 3 se movio a la posicion [10,8]
[INFO] 19:08:16:114 team/(11069:11076): Entrenador de id: 3 se movio a la posicion [10,9]
[INFO] 19:08:18:115 team/(11069:11076): Entrenador de id: 3 se movio a la posicion [10,10]
[INFO] 19:08:20:115 team/(11069:11076): Entrenador de id: 3 se movio a la posicion [10,11]
[INFO] 19:08:22:116 team/(11069:11076): Entrenador de id: 3 se movio a la posicion [10,12]
[INFO] 19:08:24:116 team/(11069:11076): Entrenador de id: 3 se movio a la posicion [10,13]
[INFO] 19:08:26:116 team/(11069:11076): Entrenador de id: 3 se movio a la posicion [10,14]
[INFO] 19:08:28:117 team/(11069:11076): Entrenador de id: 3 se movio a la posicion [10,15]
[INFO] 19:08:28:117 team/(11069:11076): Inicio operacion CATCH de un: charmander, ubicado en: [10,15]
[INFO] 17:30:15:781 team/(6482:6484): Entrenador de id: 2 se movio a la posicion [3,8]
[INFO] 17:30:17:802 team/(6482:6484): Entrenador de id: 2 se movio a la posicion [3,9]
[INFO] 17:30:17:805 team/(6482:6484): Inicio operacion CATCH de un: pikachu, ubicado en: [3,9]
[INFO] 17:30:19:805 team/(6482:6485): Entrenador de id: 3 se movio a la posicion [6,5]
[INFO] 17:30:21:806 team/(6482:6485): Entrenador de id: 3 se movio a la posicion [7,5]
[INFO] 17:30:23:807 team/(6482:6485): Entrenador de id: 3 se movio a la posicion [8,5]
[INFO] 17:30:25:807 team/(6482:6485): Entrenador de id: 3 se movio a la posicion [9,5]
[INFO] 17:30:27:808 team/(6482:6485): Entrenador de id: 3 se movio a la posicion [10,5]
[INFO] 17:30:29:808 team/(6482:6485): Entrenador de id: 3 se movio a la posicion [10,6]
[INFO] 17:30:31:809 team/(6482:6485): Entrenador de id: 3 se movio a la posicion [10,7]
[INFO] 17:30:33:809 team/(6482:6485): Entrenador de id: 3 se movio a la posicion [10,8]
[INFO] 17:30:35:811 team/(6482:6485): Entrenador de id: 3 se movio a la posicion [10,9]
[INFO] 17:30:37:811 team/(6482:6485): Entrenador de id: 3 se movio a la posicion [10,10]
[INFO] 17:30:39:813 team/(6482:6485): Entrenador de id: 3 se movio a la posicion [10,11]
[INFO] 17:30:41:813 team/(6482:6485): Entrenador de id: 3 se movio a la posicion [10,12]
[INFO] 17:30:43:814 team/(6482:6485): Entrenador de id: 3 se movio a la posicion [10,13]
[INFO] 17:30:45:814 team/(6482:6485): Entrenador de id: 3 se movio a la posicion [10,14]
[INFO] 17:30:47:815 team/(6482:6485): Entrenador de id: 3 se movio a la posicion [10,15]
[INFO] 17:30:47:815 team/(6482:6485): Inicio operacion CATCH de un: charmander, ubicado en: [10,15]
[INFO] 17:34:21:310 team/(6599:6605): Entrenador de id: 2 se movio a la posicion [3,8]
[INFO] 17:34:23:320 team/(6599:6606): Entrenador de id: 3 se movio a la posicion [6,5]
[INFO] 17:36:35:886 team/(6672:6678): Entrenador de id: 2 se movio a la posicion [3,8]
[INFO] 17:36:37:886 team/(6672:6679): Entrenador de id: 3 se movio a la posicion [6,5]
[INFO] 17:41:04:852 team/(6753:6759): Entrenador de id: 2 se movio a la posicion [3,8]
[INFO] 17:41:06:853 team/(6753:6759): Entrenador de id: 2 se movio a la posicion [3,9]
[INFO] 17:41:06:853 team/(6753:6759): Inicio operacion CATCH de un: pikachu, ubicado en: [3,9]
[INFO] 17:41:08:853 team/(6753:6760): Entrenador de id: 3 se movio a la posicion [6,5]
[INFO] 17:41:10:854 team/(6753:6760): Entrenador de id: 3 se movio a la posicion [7,5]
[INFO] 17:41:12:854 team/(6753:6760): Entrenador de id: 3 se movio a la posicion [8,5]
[INFO] 17:41:14:855 team/(6753:6760): Entrenador de id: 3 se movio a la posicion [9,5]
[INFO] 17:41:16:855 team/(6753:6760): Entrenador de id: 3 se movio a la posicion [10,5]
[INFO] 17:41:18:856 team/(6753:6760): Entrenador de id: 3 se movio a la posicion [10,6]
[INFO] 17:41:20:856 team/(6753:6760): Entrenador de id: 3 se movio a la posicion [10,7]
[INFO] 17:41:22:857 team/(6753:6760): Entrenador de id: 3 se movio a la posicion [10,8]
[INFO] 17:41:24:857 team/(6753:6760): Entrenador de id: 3 se movio a la posicion [10,9]
[INFO] 17:41:26:857 team/(6753:6760): Entrenador de id: 3 se movio a la posicion [10,10]
[INFO] 17:41:28:858 team/(6753:6760): Entrenador de id: 3 se movio a la posicion [10,11]
[INFO] 17:41:30:859 team/(6753:6760): Entrenador de id: 3 se movio a la posicion [10,12]
[INFO] 17:41:32:860 team/(6753:6760): Entrenador de id: 3 se movio a la posicion [10,13]
[INFO] 17:41:34:860 team/(6753:6760): Entrenador de id: 3 se movio a la posicion [10,14]
[INFO] 17:41:36:861 team/(6753:6760): Entrenador de id: 3 se movio a la posicion [10,15]
[INFO] 17:41:36:861 team/(6753:6760): Inicio operacion CATCH de un: charmander, ubicado en: [10,15]
[INFO] 17:42:07:22 team/(6798:6804): Entrenador de id: 2 se movio a la posicion [3,8]
[INFO] 17:42:09:22 team/(6798:6804): Entrenador de id: 2 se movio a la posicion [3,9]
[INFO] 17:42:11:22 team/(6798:6805): Entrenador de id: 3 se movio a la posicion [6,5]
[INFO] 17:42:13:24 team/(6798:6805): Entrenador de id: 3 se movio a la posicion [7,5]
[INFO] 17:42:15:24 team/(6798:6804): Entrenador de id: 2 se movio a la posicion [3,10]
[INFO] 17:42:15:25 team/(6798:6804): Inicio operacion CATCH de un: pikachu, ubicado en: [3,10]
[INFO] 17:42:15:25 team/(6798:6804): Entrenador de id: 2 se movio a la posicion [3,10]
[INFO] 17:42:15:25 team/(6798:6804): Inicio operacion CATCH de un: pikachu, ubicado en: [3,10]
[INFO] 17:42:17:25 team/(6798:6805): Entrenador de id: 3 se movio a la posicion [8,5]
[INFO] 17:42:19:25 team/(6798:6805): Entrenador de id: 3 se movio a la posicion [9,5]
[INFO] 17:42:21:26 team/(6798:6805): Entrenador de id: 3 se movio a la posicion [10,5]
[INFO] 17:42:23:26 team/(6798:6805): Entrenador de id: 3 se movio a la posicion [10,6]
[INFO] 17:42:25:27 team/(6798:6805): Entrenador de id: 3 se movio a la posicion [10,7]
[INFO] 17:42:27:28 team/(6798:6805): Entrenador de id: 3 se movio a la posicion [10,8]
[INFO] 17:42:29:28 team/(6798:6805): Entrenador de id: 3 se movio a la posicion [10,9]
[INFO] 17:42:31:29 team/(6798:6805): Entrenador de id: 3 se movio a la posicion [10,10]
[INFO] 17:42:33:29 team/(6798:6805): Entrenador de id: 3 se movio a la posicion [10,11]
[INFO] 17:42:35:30 team/(6798:6805): Entrenador de id: 3 se movio a la posicion [10,12]
[INFO] 17:42:37:30 team/(6798:6805): Entrenador de id: 3 se movio a la posicion [10,13]
[INFO] 17:42:39:31 team/(6798:6805): Entrenador de id: 3 se movio a la posicion [10,14]
[INFO] 17:42:41:31 team/(6798:6805): Entrenador de id: 3 se movio a la posicion [10,15]
[INFO] 17:42:41:31 team/(6798:6805): Inicio operacion CATCH de un: charmander, ubicado en: [10,15]
[INFO] 17:48:04:885 team/(6915:6921): Entrenador de id: 2 se movio a la posicion [3,8]
[INFO] 17:48:06:899 team/(6915:6921): Entrenador de id: 2 se movio a la posicion [3,9]
[INFO] 17:48:08:899 team/(6915:6922): Entrenador de id: 3 se movio a la posicion [6,5]
[INFO] 17:48:10:900 team/(6915:6922): Entrenador de id: 3 se movio a la posicion [7,5]
[INFO] 17:48:12:900 team/(6915:6921): Entrenador de id: 2 se movio a la posicion [3,10]
[INFO] 17:48:12:900 team/(6915:6921): Inicio operacion CATCH de un: pikachu, ubicado en: [3,10]
[INFO] 17:49:40:72 team/(6966:6972): Entrenador de id: 2 se movio a la posicion [3,8]
[INFO] 17:49:42:73 team/(6966:6972): Entrenador de id: 2 se movio a la posicion [3,9]
[INFO] 17:49:44:73 team/(6966:6973): Entrenador de id: 3 se movio a la posicion [6,5]
[INFO] 17:49:46:74 team/(6966:6973): Entrenador de id: 3 se movio a la posicion [7,5]
[INFO] 17:49:48:74 team/(6966:6972): Entrenador de id: 2 se movio a la posicion [3,10]
[INFO] 17:49:48:74 team/(6966:6972): Inicio operacion CATCH de un: pikachu, ubicado en: [3,10]
[INFO] 17:50:31:14 team/(7014:7020): Entrenador de id: 2 se movio a la posicion [3,8]
[INFO] 17:50:33:15 team/(7014:7020): Entrenador de id: 2 se movio a la posicion [3,9]
[INFO] 17:50:35:16 team/(7014:7021): Entrenador de id: 3 se movio a la posicion [6,5]
[INFO] 17:50:37:16 team/(7014:7021): Entrenador de id: 3 se movio a la posicion [7,5]
[INFO] 17:50:39:17 team/(7014:7020): Entrenador de id: 2 se movio a la posicion [3,10]
[INFO] 17:50:39:17 team/(7014:7020): Inicio operacion CATCH de un: pikachu, ubicado en: [3,10]
[INFO] 17:50:41:18 team/(7014:7021): Entrenador de id: 3 se movio a la posicion [8,5]
[INFO] 17:50:43:18 team/(7014:7021): Entrenador de id: 3 se movio a la posicion [9,5]
[INFO] 17:50:45:19 team/(7014:7021): Entrenador de id: 3 se movio a la posicion [10,5]
[INFO] 17:50:47:20 team/(7014:7021): Entrenador de id: 3 se movio a la posicion [10,6]
[INFO] 17:50:49:20 team/(7014:7021): Entrenador de id: 3 se movio a la posicion [10,7]
[INFO] 17:50:51:21 team/(7014:7021): Entrenador de id: 3 se movio a la posicion [10,8]
[INFO] 17:50:53:21 team/(7014:7021): Entrenador de id: 3 se movio a la posicion [10,9]
[INFO] 17:50:55:22 team/(7014:7021): Entrenador de id: 3 se movio a la posicion [10,10]
[INFO] 17:50:57:22 team/(7014:7021): Entrenador de id: 3 se movio a la posicion [10,11]
[INFO] 17:50:59:23 team/(7014:7021): Entrenador de id: 3 se movio a la posicion [10,12]
[INFO] 17:51:01:23 team/(7014:7021): Entrenador de id: 3 se movio a la posicion [10,13]
[INFO] 17:51:03:23 team/(7014:7021): Entrenador de id: 3 se movio a la posicion [10,14]
[INFO] 17:51:05:24 team/(7014:7021): Entrenador de id: 3 se movio a la posicion [10,15]
[INFO] 17:51:05:24 team/(7014:7021): Inicio operacion CATCH de un: charmander, ubicado en: [10,15]
